<?xml version="1.0" encoding="UTF-8"?>
<testsuite xmlns:xsi="http://www.w3.org/2001/XMLSchema-instance" xsi:noNamespaceSchemaLocation="https://maven.apache.org/surefire/maven-surefire-plugin/xsd/surefire-test-report-3.0.xsd" version="3.0" name="ec.epn.edu.git.calculator.CalculatorParametersTest" time="0.06" tests="6" errors="0" skipped="0" failures="0">
  <properties>
[...]
</properties>
  <testcase name="given_parameters_when_addition_then_addition[0]" classname="ec.epn.edu.git.calculator.CalculatorParametersTest" time="0.01"/>
  <testcase name="given_parameters_when_addition_then_addition[1]" classname="ec.epn.edu.git.calculator.CalculatorParametersTest" time="0.0"/>
  <testcase name="given_parameters_when_addition_then_addition[2]" classname="ec.epn.edu.git.calculator.CalculatorParametersTest" time="0.0"/>
  <testcase name="given_parameters_when_addition_then_addition[3]" classname="ec.epn.edu.git.calculator.CalculatorParametersTest" time="0.0"/>
  <testcase name="given_parameters_when_addition_then_addition[4]" classname="ec.epn.edu.git.calculator.CalculatorParametersTest" time="0.0"/>
  <testcase name="given_parameters_when_addition_then_addition[5]" classname="ec.epn.edu.git.calculator.CalculatorParametersTest" time="0.0"/>
</testsuite>